[30-Aug-2024 04:06:27 Europe/Berlin] PHP Deprecated:  Creation of dynamic property Furniture::$id is deprecated in C:\xampp\htdocs\DemoProject\phpside\Furniture.php on line 19
[30-Aug-2024 04:06:27 Europe/Berlin] PHP Deprecated:  Creation of dynamic property Furniture::$name is deprecated in C:\xampp\htdocs\DemoProject\phpside\Furniture.php on line 20
[30-Aug-2024 04:06:27 Europe/Berlin] PHP Deprecated:  Creation of dynamic property Furniture::$price is deprecated in C:\xampp\htdocs\DemoProject\phpside\Furniture.php on line 21
[30-Aug-2024 04:06:27 Europe/Berlin] PHP Deprecated:  Creation of dynamic property Furniture::$item_type is deprecated in C:\xampp\htdocs\DemoProject\phpside\Furniture.php on line 22
[30-Aug-2024 04:06:27 Europe/Berlin] PHP Fatal error:  Uncaught PDOException: SQLSTATE[3D000]: Invalid catalog name: 1046 No database selected in C:\xampp\htdocs\DemoProject\phpside\Furniture.php:24
Stack trace:
#0 C:\xampp\htdocs\DemoProject\phpside\Furniture.php(24): PDOStatement->execute()
#1 C:\xampp\htdocs\DemoProject\phpside\index.php(43): Furniture->save(Object(PDO))
#2 {main}
  thrown in C:\xampp\htdocs\DemoProject\phpside\Furniture.php on line 24
[30-Aug-2024 04:07:48 Europe/Berlin] PHP Deprecated:  Creation of dynamic property Furniture::$id is deprecated in C:\xampp\htdocs\DemoProject\phpside\Furniture.php on line 19
[30-Aug-2024 04:07:48 Europe/Berlin] PHP Deprecated:  Creation of dynamic property Furniture::$name is deprecated in C:\xampp\htdocs\DemoProject\phpside\Furniture.php on line 20
[30-Aug-2024 04:07:48 Europe/Berlin] PHP Deprecated:  Creation of dynamic property Furniture::$price is deprecated in C:\xampp\htdocs\DemoProject\phpside\Furniture.php on line 21
[30-Aug-2024 04:07:48 Europe/Berlin] PHP Deprecated:  Creation of dynamic property Furniture::$item_type is deprecated in C:\xampp\htdocs\DemoProject\phpside\Furniture.php on line 22
[30-Aug-2024 04:07:48 Europe/Berlin] PHP Fatal error:  Uncaught PDOException: SQLSTATE[3D000]: Invalid catalog name: 1046 No database selected in C:\xampp\htdocs\DemoProject\phpside\Furniture.php:24
Stack trace:
#0 C:\xampp\htdocs\DemoProject\phpside\Furniture.php(24): PDOStatement->execute()
#1 C:\xampp\htdocs\DemoProject\phpside\index.php(43): Furniture->save(Object(PDO))
#2 {main}
  thrown in C:\xampp\htdocs\DemoProject\phpside\Furniture.php on line 24
[30-Aug-2024 04:09:32 Europe/Berlin] PHP Deprecated:  Creation of dynamic property Furniture::$id is deprecated in C:\xampp\htdocs\DemoProject\phpside\Furniture.php on line 19
[30-Aug-2024 04:09:32 Europe/Berlin] PHP Deprecated:  Creation of dynamic property Furniture::$name is deprecated in C:\xampp\htdocs\DemoProject\phpside\Furniture.php on line 20
[30-Aug-2024 04:09:32 Europe/Berlin] PHP Deprecated:  Creation of dynamic property Furniture::$price is deprecated in C:\xampp\htdocs\DemoProject\phpside\Furniture.php on line 21
[30-Aug-2024 04:09:32 Europe/Berlin] PHP Deprecated:  Creation of dynamic property Furniture::$item_type is deprecated in C:\xampp\htdocs\DemoProject\phpside\Furniture.php on line 22
[30-Aug-2024 04:09:32 Europe/Berlin] PHP Fatal error:  Uncaught PDOException: SQLSTATE[3D000]: Invalid catalog name: 1046 No database selected in C:\xampp\htdocs\DemoProject\phpside\Furniture.php:24
Stack trace:
#0 C:\xampp\htdocs\DemoProject\phpside\Furniture.php(24): PDOStatement->execute()
#1 C:\xampp\htdocs\DemoProject\phpside\index.php(43): Furniture->save(Object(PDO))
#2 {main}
  thrown in C:\xampp\htdocs\DemoProject\phpside\Furniture.php on line 24
[30-Aug-2024 04:10:25 Europe/Berlin] PHP Deprecated:  Creation of dynamic property Furniture::$id is deprecated in C:\xampp\htdocs\DemoProject\phpside\Furniture.php on line 19
[30-Aug-2024 04:10:25 Europe/Berlin] PHP Deprecated:  Creation of dynamic property Furniture::$name is deprecated in C:\xampp\htdocs\DemoProject\phpside\Furniture.php on line 20
[30-Aug-2024 04:10:25 Europe/Berlin] PHP Deprecated:  Creation of dynamic property Furniture::$price is deprecated in C:\xampp\htdocs\DemoProject\phpside\Furniture.php on line 21
[30-Aug-2024 04:10:25 Europe/Berlin] PHP Deprecated:  Creation of dynamic property Furniture::$item_type is deprecated in C:\xampp\htdocs\DemoProject\phpside\Furniture.php on line 22
[30-Aug-2024 04:10:25 Europe/Berlin] PHP Fatal error:  Uncaught PDOException: SQLSTATE[3D000]: Invalid catalog name: 1046 No database selected in C:\xampp\htdocs\DemoProject\phpside\Furniture.php:24
Stack trace:
#0 C:\xampp\htdocs\DemoProject\phpside\Furniture.php(24): PDOStatement->execute()
#1 C:\xampp\htdocs\DemoProject\phpside\index.php(43): Furniture->save(Object(PDO))
#2 {main}
  thrown in C:\xampp\htdocs\DemoProject\phpside\Furniture.php on line 24
[30-Aug-2024 04:11:14 Europe/Berlin] PHP Deprecated:  Creation of dynamic property Furniture::$id is deprecated in C:\xampp\htdocs\DemoProject\phpside\Furniture.php on line 19
[30-Aug-2024 04:11:14 Europe/Berlin] PHP Deprecated:  Creation of dynamic property Furniture::$name is deprecated in C:\xampp\htdocs\DemoProject\phpside\Furniture.php on line 20
[30-Aug-2024 04:11:14 Europe/Berlin] PHP Deprecated:  Creation of dynamic property Furniture::$price is deprecated in C:\xampp\htdocs\DemoProject\phpside\Furniture.php on line 21
[30-Aug-2024 04:11:14 Europe/Berlin] PHP Deprecated:  Creation of dynamic property Furniture::$item_type is deprecated in C:\xampp\htdocs\DemoProject\phpside\Furniture.php on line 22
[30-Aug-2024 04:11:14 Europe/Berlin] PHP Fatal error:  Uncaught PDOException: SQLSTATE[3D000]: Invalid catalog name: 1046 No database selected in C:\xampp\htdocs\DemoProject\phpside\Furniture.php:24
Stack trace:
#0 C:\xampp\htdocs\DemoProject\phpside\Furniture.php(24): PDOStatement->execute()
#1 C:\xampp\htdocs\DemoProject\phpside\index.php(43): Furniture->save(Object(PDO))
#2 {main}
  thrown in C:\xampp\htdocs\DemoProject\phpside\Furniture.php on line 24
[30-Aug-2024 04:12:25 Europe/Berlin] PHP Deprecated:  Creation of dynamic property Furniture::$id is deprecated in C:\xampp\htdocs\DemoProject\phpside\Furniture.php on line 19
[30-Aug-2024 04:12:25 Europe/Berlin] PHP Deprecated:  Creation of dynamic property Furniture::$name is deprecated in C:\xampp\htdocs\DemoProject\phpside\Furniture.php on line 20
[30-Aug-2024 04:12:25 Europe/Berlin] PHP Deprecated:  Creation of dynamic property Furniture::$price is deprecated in C:\xampp\htdocs\DemoProject\phpside\Furniture.php on line 21
[30-Aug-2024 04:12:25 Europe/Berlin] PHP Deprecated:  Creation of dynamic property Furniture::$item_type is deprecated in C:\xampp\htdocs\DemoProject\phpside\Furniture.php on line 22
[30-Aug-2024 04:12:25 Europe/Berlin] PHP Fatal error:  Uncaught PDOException: SQLSTATE[3D000]: Invalid catalog name: 1046 No database selected in C:\xampp\htdocs\DemoProject\phpside\Furniture.php:24
Stack trace:
#0 C:\xampp\htdocs\DemoProject\phpside\Furniture.php(24): PDOStatement->execute()
#1 C:\xampp\htdocs\DemoProject\phpside\index.php(43): Furniture->save(Object(PDO))
#2 {main}
  thrown in C:\xampp\htdocs\DemoProject\phpside\Furniture.php on line 24
[30-Aug-2024 17:53:26 Europe/Berlin] PHP Deprecated:  Creation of dynamic property Furniture::$id is deprecated in C:\xampp\htdocs\DemoProject\phpside\Furniture.php on line 19
[30-Aug-2024 17:53:26 Europe/Berlin] PHP Deprecated:  Creation of dynamic property Furniture::$name is deprecated in C:\xampp\htdocs\DemoProject\phpside\Furniture.php on line 20
[30-Aug-2024 17:53:26 Europe/Berlin] PHP Deprecated:  Creation of dynamic property Furniture::$price is deprecated in C:\xampp\htdocs\DemoProject\phpside\Furniture.php on line 21
[30-Aug-2024 17:53:26 Europe/Berlin] PHP Deprecated:  Creation of dynamic property Furniture::$item_type is deprecated in C:\xampp\htdocs\DemoProject\phpside\Furniture.php on line 22
[30-Aug-2024 17:53:26 Europe/Berlin] PHP Fatal error:  Uncaught PDOException: SQLSTATE[3D000]: Invalid catalog name: 1046 No database selected in C:\xampp\htdocs\DemoProject\phpside\Furniture.php:24
Stack trace:
#0 C:\xampp\htdocs\DemoProject\phpside\Furniture.php(24): PDOStatement->execute()
#1 C:\xampp\htdocs\DemoProject\phpside\index.php(43): Furniture->save(Object(PDO))
#2 {main}
  thrown in C:\xampp\htdocs\DemoProject\phpside\Furniture.php on line 24
[30-Aug-2024 18:00:48 Europe/Berlin] PHP Warning:  Undefined property: Furniture::$item_name in C:\xampp\htdocs\DemoProject\phpside\index.php on line 44
[30-Aug-2024 18:01:29 Europe/Berlin] PHP Warning:  Undefined property: Furniture::$item_name in C:\xampp\htdocs\DemoProject\phpside\index.php on line 44
[30-Aug-2024 18:02:20 Europe/Berlin] PHP Warning:  Undefined property: Furniture::$getName in C:\xampp\htdocs\DemoProject\phpside\index.php on line 44
[03-Sep-2024 01:25:24 Europe/Berlin] PHP Deprecated:  Creation of dynamic property Furniture::$id is deprecated in C:\xampp\htdocs\DemoProject\phpside\Furniture.php on line 19
[03-Sep-2024 01:25:24 Europe/Berlin] PHP Deprecated:  Creation of dynamic property Furniture::$name is deprecated in C:\xampp\htdocs\DemoProject\phpside\Furniture.php on line 20
[03-Sep-2024 01:25:24 Europe/Berlin] PHP Deprecated:  Creation of dynamic property Furniture::$price is deprecated in C:\xampp\htdocs\DemoProject\phpside\Furniture.php on line 21
[03-Sep-2024 01:25:24 Europe/Berlin] PHP Deprecated:  Creation of dynamic property Furniture::$item_type is deprecated in C:\xampp\htdocs\DemoProject\phpside\Furniture.php on line 22
[03-Sep-2024 01:25:24 Europe/Berlin] PHP Fatal error:  Uncaught PDOException: SQLSTATE[3D000]: Invalid catalog name: 1046 No database selected in C:\xampp\htdocs\DemoProject\phpside\Furniture.php:24
Stack trace:
#0 C:\xampp\htdocs\DemoProject\phpside\Furniture.php(24): PDOStatement->execute()
#1 C:\xampp\htdocs\DemoProject\phpside\index.php(43): Furniture->save(Object(PDO))
#2 {main}
  thrown in C:\xampp\htdocs\DemoProject\phpside\Furniture.php on line 24
[03-Sep-2024 01:25:57 Europe/Berlin] PHP Deprecated:  Creation of dynamic property Furniture::$id is deprecated in C:\xampp\htdocs\DemoProject\phpside\Furniture.php on line 19
[03-Sep-2024 01:25:57 Europe/Berlin] PHP Deprecated:  Creation of dynamic property Furniture::$name is deprecated in C:\xampp\htdocs\DemoProject\phpside\Furniture.php on line 20
[03-Sep-2024 01:25:57 Europe/Berlin] PHP Deprecated:  Creation of dynamic property Furniture::$price is deprecated in C:\xampp\htdocs\DemoProject\phpside\Furniture.php on line 21
[03-Sep-2024 01:25:57 Europe/Berlin] PHP Deprecated:  Creation of dynamic property Furniture::$item_type is deprecated in C:\xampp\htdocs\DemoProject\phpside\Furniture.php on line 22
[03-Sep-2024 01:25:57 Europe/Berlin] PHP Fatal error:  Uncaught PDOException: SQLSTATE[3D000]: Invalid catalog name: 1046 No database selected in C:\xampp\htdocs\DemoProject\phpside\Furniture.php:24
Stack trace:
#0 C:\xampp\htdocs\DemoProject\phpside\Furniture.php(24): PDOStatement->execute()
#1 C:\xampp\htdocs\DemoProject\phpside\index.php(43): Furniture->save(Object(PDO))
#2 {main}
  thrown in C:\xampp\htdocs\DemoProject\phpside\Furniture.php on line 24
[03-Sep-2024 01:25:58 Europe/Berlin] PHP Deprecated:  Creation of dynamic property Furniture::$id is deprecated in C:\xampp\htdocs\DemoProject\phpside\Furniture.php on line 19
[03-Sep-2024 01:25:58 Europe/Berlin] PHP Deprecated:  Creation of dynamic property Furniture::$name is deprecated in C:\xampp\htdocs\DemoProject\phpside\Furniture.php on line 20
[03-Sep-2024 01:25:58 Europe/Berlin] PHP Deprecated:  Creation of dynamic property Furniture::$price is deprecated in C:\xampp\htdocs\DemoProject\phpside\Furniture.php on line 21
[03-Sep-2024 01:25:58 Europe/Berlin] PHP Deprecated:  Creation of dynamic property Furniture::$item_type is deprecated in C:\xampp\htdocs\DemoProject\phpside\Furniture.php on line 22
[03-Sep-2024 01:25:58 Europe/Berlin] PHP Fatal error:  Uncaught PDOException: SQLSTATE[3D000]: Invalid catalog name: 1046 No database selected in C:\xampp\htdocs\DemoProject\phpside\Furniture.php:24
Stack trace:
#0 C:\xampp\htdocs\DemoProject\phpside\Furniture.php(24): PDOStatement->execute()
#1 C:\xampp\htdocs\DemoProject\phpside\index.php(43): Furniture->save(Object(PDO))
#2 {main}
  thrown in C:\xampp\htdocs\DemoProject\phpside\Furniture.php on line 24
[03-Sep-2024 01:25:59 Europe/Berlin] PHP Deprecated:  Creation of dynamic property Furniture::$id is deprecated in C:\xampp\htdocs\DemoProject\phpside\Furniture.php on line 19
[03-Sep-2024 01:25:59 Europe/Berlin] PHP Deprecated:  Creation of dynamic property Furniture::$name is deprecated in C:\xampp\htdocs\DemoProject\phpside\Furniture.php on line 20
[03-Sep-2024 01:25:59 Europe/Berlin] PHP Deprecated:  Creation of dynamic property Furniture::$price is deprecated in C:\xampp\htdocs\DemoProject\phpside\Furniture.php on line 21
[03-Sep-2024 01:25:59 Europe/Berlin] PHP Deprecated:  Creation of dynamic property Furniture::$item_type is deprecated in C:\xampp\htdocs\DemoProject\phpside\Furniture.php on line 22
[03-Sep-2024 01:25:59 Europe/Berlin] PHP Fatal error:  Uncaught PDOException: SQLSTATE[3D000]: Invalid catalog name: 1046 No database selected in C:\xampp\htdocs\DemoProject\phpside\Furniture.php:24
Stack trace:
#0 C:\xampp\htdocs\DemoProject\phpside\Furniture.php(24): PDOStatement->execute()
#1 C:\xampp\htdocs\DemoProject\phpside\index.php(43): Furniture->save(Object(PDO))
#2 {main}
  thrown in C:\xampp\htdocs\DemoProject\phpside\Furniture.php on line 24
[03-Sep-2024 01:26:05 Europe/Berlin] PHP Deprecated:  Creation of dynamic property Furniture::$id is deprecated in C:\xampp\htdocs\DemoProject\phpside\Furniture.php on line 19
[03-Sep-2024 01:26:05 Europe/Berlin] PHP Deprecated:  Creation of dynamic property Furniture::$name is deprecated in C:\xampp\htdocs\DemoProject\phpside\Furniture.php on line 20
[03-Sep-2024 01:26:05 Europe/Berlin] PHP Deprecated:  Creation of dynamic property Furniture::$price is deprecated in C:\xampp\htdocs\DemoProject\phpside\Furniture.php on line 21
[03-Sep-2024 01:26:05 Europe/Berlin] PHP Deprecated:  Creation of dynamic property Furniture::$item_type is deprecated in C:\xampp\htdocs\DemoProject\phpside\Furniture.php on line 22
[03-Sep-2024 01:26:05 Europe/Berlin] PHP Fatal error:  Uncaught PDOException: SQLSTATE[3D000]: Invalid catalog name: 1046 No database selected in C:\xampp\htdocs\DemoProject\phpside\Furniture.php:24
Stack trace:
#0 C:\xampp\htdocs\DemoProject\phpside\Furniture.php(24): PDOStatement->execute()
#1 C:\xampp\htdocs\DemoProject\phpside\index.php(43): Furniture->save(Object(PDO))
#2 {main}
  thrown in C:\xampp\htdocs\DemoProject\phpside\Furniture.php on line 24
[03-Sep-2024 01:26:06 Europe/Berlin] PHP Deprecated:  Creation of dynamic property Furniture::$id is deprecated in C:\xampp\htdocs\DemoProject\phpside\Furniture.php on line 19
[03-Sep-2024 01:26:06 Europe/Berlin] PHP Deprecated:  Creation of dynamic property Furniture::$name is deprecated in C:\xampp\htdocs\DemoProject\phpside\Furniture.php on line 20
[03-Sep-2024 01:26:06 Europe/Berlin] PHP Deprecated:  Creation of dynamic property Furniture::$price is deprecated in C:\xampp\htdocs\DemoProject\phpside\Furniture.php on line 21
[03-Sep-2024 01:26:06 Europe/Berlin] PHP Deprecated:  Creation of dynamic property Furniture::$item_type is deprecated in C:\xampp\htdocs\DemoProject\phpside\Furniture.php on line 22
[03-Sep-2024 01:26:06 Europe/Berlin] PHP Fatal error:  Uncaught PDOException: SQLSTATE[3D000]: Invalid catalog name: 1046 No database selected in C:\xampp\htdocs\DemoProject\phpside\Furniture.php:24
Stack trace:
#0 C:\xampp\htdocs\DemoProject\phpside\Furniture.php(24): PDOStatement->execute()
#1 C:\xampp\htdocs\DemoProject\phpside\index.php(43): Furniture->save(Object(PDO))
#2 {main}
  thrown in C:\xampp\htdocs\DemoProject\phpside\Furniture.php on line 24
[03-Sep-2024 01:26:07 Europe/Berlin] PHP Deprecated:  Creation of dynamic property Furniture::$id is deprecated in C:\xampp\htdocs\DemoProject\phpside\Furniture.php on line 19
[03-Sep-2024 01:26:07 Europe/Berlin] PHP Deprecated:  Creation of dynamic property Furniture::$name is deprecated in C:\xampp\htdocs\DemoProject\phpside\Furniture.php on line 20
[03-Sep-2024 01:26:07 Europe/Berlin] PHP Deprecated:  Creation of dynamic property Furniture::$price is deprecated in C:\xampp\htdocs\DemoProject\phpside\Furniture.php on line 21
[03-Sep-2024 01:26:07 Europe/Berlin] PHP Deprecated:  Creation of dynamic property Furniture::$item_type is deprecated in C:\xampp\htdocs\DemoProject\phpside\Furniture.php on line 22
[03-Sep-2024 01:26:07 Europe/Berlin] PHP Fatal error:  Uncaught PDOException: SQLSTATE[3D000]: Invalid catalog name: 1046 No database selected in C:\xampp\htdocs\DemoProject\phpside\Furniture.php:24
Stack trace:
#0 C:\xampp\htdocs\DemoProject\phpside\Furniture.php(24): PDOStatement->execute()
#1 C:\xampp\htdocs\DemoProject\phpside\index.php(43): Furniture->save(Object(PDO))
#2 {main}
  thrown in C:\xampp\htdocs\DemoProject\phpside\Furniture.php on line 24
[03-Sep-2024 01:26:09 Europe/Berlin] PHP Deprecated:  Creation of dynamic property Furniture::$id is deprecated in C:\xampp\htdocs\DemoProject\phpside\Furniture.php on line 19
[03-Sep-2024 01:26:09 Europe/Berlin] PHP Deprecated:  Creation of dynamic property Furniture::$name is deprecated in C:\xampp\htdocs\DemoProject\phpside\Furniture.php on line 20
[03-Sep-2024 01:26:09 Europe/Berlin] PHP Deprecated:  Creation of dynamic property Furniture::$price is deprecated in C:\xampp\htdocs\DemoProject\phpside\Furniture.php on line 21
[03-Sep-2024 01:26:09 Europe/Berlin] PHP Deprecated:  Creation of dynamic property Furniture::$item_type is deprecated in C:\xampp\htdocs\DemoProject\phpside\Furniture.php on line 22
[03-Sep-2024 01:26:09 Europe/Berlin] PHP Fatal error:  Uncaught PDOException: SQLSTATE[3D000]: Invalid catalog name: 1046 No database selected in C:\xampp\htdocs\DemoProject\phpside\Furniture.php:24
Stack trace:
#0 C:\xampp\htdocs\DemoProject\phpside\Furniture.php(24): PDOStatement->execute()
#1 C:\xampp\htdocs\DemoProject\phpside\index.php(43): Furniture->save(Object(PDO))
#2 {main}
  thrown in C:\xampp\htdocs\DemoProject\phpside\Furniture.php on line 24
[03-Sep-2024 01:29:31 Europe/Berlin] PHP Deprecated:  Creation of dynamic property Furniture::$id is deprecated in C:\xampp\htdocs\DemoProject\phpside\Furniture.php on line 19
[03-Sep-2024 01:29:31 Europe/Berlin] PHP Deprecated:  Creation of dynamic property Furniture::$name is deprecated in C:\xampp\htdocs\DemoProject\phpside\Furniture.php on line 20
[03-Sep-2024 01:29:31 Europe/Berlin] PHP Deprecated:  Creation of dynamic property Furniture::$price is deprecated in C:\xampp\htdocs\DemoProject\phpside\Furniture.php on line 21
[03-Sep-2024 01:29:31 Europe/Berlin] PHP Deprecated:  Creation of dynamic property Furniture::$item_type is deprecated in C:\xampp\htdocs\DemoProject\phpside\Furniture.php on line 22
[03-Sep-2024 01:29:31 Europe/Berlin] PHP Fatal error:  Uncaught PDOException: SQLSTATE[3D000]: Invalid catalog name: 1046 No database selected in C:\xampp\htdocs\DemoProject\phpside\Furniture.php:24
Stack trace:
#0 C:\xampp\htdocs\DemoProject\phpside\Furniture.php(24): PDOStatement->execute()
#1 C:\xampp\htdocs\DemoProject\phpside\index.php(43): Furniture->save(Object(PDO))
#2 {main}
  thrown in C:\xampp\htdocs\DemoProject\phpside\Furniture.php on line 24
[03-Sep-2024 01:33:24 Europe/Berlin] PHP Deprecated:  Creation of dynamic property Furniture::$id is deprecated in C:\xampp\htdocs\DemoProject\phpside\Furniture.php on line 19
[03-Sep-2024 01:33:24 Europe/Berlin] PHP Deprecated:  Creation of dynamic property Furniture::$name is deprecated in C:\xampp\htdocs\DemoProject\phpside\Furniture.php on line 20
[03-Sep-2024 01:33:24 Europe/Berlin] PHP Deprecated:  Creation of dynamic property Furniture::$price is deprecated in C:\xampp\htdocs\DemoProject\phpside\Furniture.php on line 21
[03-Sep-2024 01:33:24 Europe/Berlin] PHP Deprecated:  Creation of dynamic property Furniture::$item_type is deprecated in C:\xampp\htdocs\DemoProject\phpside\Furniture.php on line 22
[03-Sep-2024 01:33:24 Europe/Berlin] PHP Fatal error:  Uncaught PDOException: SQLSTATE[3D000]: Invalid catalog name: 1046 No database selected in C:\xampp\htdocs\DemoProject\phpside\Furniture.php:24
Stack trace:
#0 C:\xampp\htdocs\DemoProject\phpside\Furniture.php(24): PDOStatement->execute()
#1 C:\xampp\htdocs\DemoProject\phpside\index.php(43): Furniture->save(Object(PDO))
#2 {main}
  thrown in C:\xampp\htdocs\DemoProject\phpside\Furniture.php on line 24
[03-Sep-2024 01:33:25 Europe/Berlin] PHP Deprecated:  Creation of dynamic property Furniture::$id is deprecated in C:\xampp\htdocs\DemoProject\phpside\Furniture.php on line 19
[03-Sep-2024 01:33:25 Europe/Berlin] PHP Deprecated:  Creation of dynamic property Furniture::$name is deprecated in C:\xampp\htdocs\DemoProject\phpside\Furniture.php on line 20
[03-Sep-2024 01:33:25 Europe/Berlin] PHP Deprecated:  Creation of dynamic property Furniture::$price is deprecated in C:\xampp\htdocs\DemoProject\phpside\Furniture.php on line 21
[03-Sep-2024 01:33:25 Europe/Berlin] PHP Deprecated:  Creation of dynamic property Furniture::$item_type is deprecated in C:\xampp\htdocs\DemoProject\phpside\Furniture.php on line 22
[03-Sep-2024 01:33:25 Europe/Berlin] PHP Fatal error:  Uncaught PDOException: SQLSTATE[3D000]: Invalid catalog name: 1046 No database selected in C:\xampp\htdocs\DemoProject\phpside\Furniture.php:24
Stack trace:
#0 C:\xampp\htdocs\DemoProject\phpside\Furniture.php(24): PDOStatement->execute()
#1 C:\xampp\htdocs\DemoProject\phpside\index.php(43): Furniture->save(Object(PDO))
#2 {main}
  thrown in C:\xampp\htdocs\DemoProject\phpside\Furniture.php on line 24
[03-Sep-2024 01:33:39 Europe/Berlin] PHP Deprecated:  Creation of dynamic property Furniture::$id is deprecated in C:\xampp\htdocs\DemoProject\phpside\Furniture.php on line 19
[03-Sep-2024 01:33:39 Europe/Berlin] PHP Deprecated:  Creation of dynamic property Furniture::$name is deprecated in C:\xampp\htdocs\DemoProject\phpside\Furniture.php on line 20
[03-Sep-2024 01:33:39 Europe/Berlin] PHP Deprecated:  Creation of dynamic property Furniture::$price is deprecated in C:\xampp\htdocs\DemoProject\phpside\Furniture.php on line 21
[03-Sep-2024 01:33:39 Europe/Berlin] PHP Deprecated:  Creation of dynamic property Furniture::$item_type is deprecated in C:\xampp\htdocs\DemoProject\phpside\Furniture.php on line 22
[03-Sep-2024 01:33:39 Europe/Berlin] PHP Fatal error:  Uncaught PDOException: SQLSTATE[3D000]: Invalid catalog name: 1046 No database selected in C:\xampp\htdocs\DemoProject\phpside\Furniture.php:24
Stack trace:
#0 C:\xampp\htdocs\DemoProject\phpside\Furniture.php(24): PDOStatement->execute()
#1 C:\xampp\htdocs\DemoProject\phpside\index.php(43): Furniture->save(Object(PDO))
#2 {main}
  thrown in C:\xampp\htdocs\DemoProject\phpside\Furniture.php on line 24
[03-Sep-2024 01:37:57 Europe/Berlin] PHP Fatal error:  Uncaught PDOException: SQLSTATE[3D000]: Invalid catalog name: 1046 No database selected in C:\xampp\htdocs\DemoProject\phpside\index.php:49
Stack trace:
#0 C:\xampp\htdocs\DemoProject\phpside\index.php(49): PDOStatement->execute()
#1 {main}
  thrown in C:\xampp\htdocs\DemoProject\phpside\index.php on line 49
[03-Sep-2024 01:39:29 Europe/Berlin] PHP Fatal error:  Uncaught PDOException: SQLSTATE[3D000]: Invalid catalog name: 1046 No database selected in C:\xampp\htdocs\DemoProject\phpside\index.php:49
Stack trace:
#0 C:\xampp\htdocs\DemoProject\phpside\index.php(49): PDOStatement->execute()
#1 {main}
  thrown in C:\xampp\htdocs\DemoProject\phpside\index.php on line 49
[03-Sep-2024 01:39:31 Europe/Berlin] PHP Fatal error:  Uncaught PDOException: SQLSTATE[3D000]: Invalid catalog name: 1046 No database selected in C:\xampp\htdocs\DemoProject\phpside\index.php:49
Stack trace:
#0 C:\xampp\htdocs\DemoProject\phpside\index.php(49): PDOStatement->execute()
#1 {main}
  thrown in C:\xampp\htdocs\DemoProject\phpside\index.php on line 49
[03-Sep-2024 01:45:25 Europe/Berlin] PHP Fatal error:  Uncaught PDOException: SQLSTATE[23000]: Integrity constraint violation: 1062 Duplicate entry 'ok' for key 'items_information.PRIMARY' in C:\xampp\htdocs\DemoProject\phpside\index.php:49
Stack trace:
#0 C:\xampp\htdocs\DemoProject\phpside\index.php(49): PDOStatement->execute()
#1 {main}
  thrown in C:\xampp\htdocs\DemoProject\phpside\index.php on line 49
[03-Sep-2024 01:47:12 Europe/Berlin] PHP Fatal error:  Uncaught PDOException: SQLSTATE[23000]: Integrity constraint violation: 1062 Duplicate entry 'ok' for key 'items_information.PRIMARY' in C:\xampp\htdocs\DemoProject\phpside\index.php:49
Stack trace:
#0 C:\xampp\htdocs\DemoProject\phpside\index.php(49): PDOStatement->execute()
#1 {main}
  thrown in C:\xampp\htdocs\DemoProject\phpside\index.php on line 49
[03-Sep-2024 01:48:46 Europe/Berlin] PHP Deprecated:  Creation of dynamic property Furniture::$id is deprecated in C:\xampp\htdocs\DemoProject\phpside\Furniture.php on line 19
[03-Sep-2024 01:48:46 Europe/Berlin] PHP Deprecated:  Creation of dynamic property Furniture::$name is deprecated in C:\xampp\htdocs\DemoProject\phpside\Furniture.php on line 20
[03-Sep-2024 01:48:46 Europe/Berlin] PHP Deprecated:  Creation of dynamic property Furniture::$price is deprecated in C:\xampp\htdocs\DemoProject\phpside\Furniture.php on line 21
[03-Sep-2024 01:48:46 Europe/Berlin] PHP Deprecated:  Creation of dynamic property Furniture::$item_type is deprecated in C:\xampp\htdocs\DemoProject\phpside\Furniture.php on line 22
[03-Sep-2024 01:48:46 Europe/Berlin] PHP Fatal error:  Uncaught PDOException: SQLSTATE[23000]: Integrity constraint violation: 1048 Column 'id' cannot be null in C:\xampp\htdocs\DemoProject\phpside\Furniture.php:24
Stack trace:
#0 C:\xampp\htdocs\DemoProject\phpside\Furniture.php(24): PDOStatement->execute()
#1 C:\xampp\htdocs\DemoProject\phpside\index.php(43): Furniture->save(Object(PDO))
#2 {main}
  thrown in C:\xampp\htdocs\DemoProject\phpside\Furniture.php on line 24
[03-Sep-2024 01:54:08 Europe/Berlin] PHP Deprecated:  Creation of dynamic property Furniture::$id is deprecated in C:\xampp\htdocs\DemoProject\phpside\Furniture.php on line 19
[03-Sep-2024 01:54:08 Europe/Berlin] PHP Deprecated:  Creation of dynamic property Furniture::$name is deprecated in C:\xampp\htdocs\DemoProject\phpside\Furniture.php on line 20
[03-Sep-2024 01:54:08 Europe/Berlin] PHP Deprecated:  Creation of dynamic property Furniture::$price is deprecated in C:\xampp\htdocs\DemoProject\phpside\Furniture.php on line 21
[03-Sep-2024 01:54:08 Europe/Berlin] PHP Deprecated:  Creation of dynamic property Furniture::$item_type is deprecated in C:\xampp\htdocs\DemoProject\phpside\Furniture.php on line 22
[03-Sep-2024 01:54:08 Europe/Berlin] PHP Fatal error:  Uncaught PDOException: SQLSTATE[23000]: Integrity constraint violation: 1048 Column 'id' cannot be null in C:\xampp\htdocs\DemoProject\phpside\Furniture.php:24
Stack trace:
#0 C:\xampp\htdocs\DemoProject\phpside\Furniture.php(24): PDOStatement->execute()
#1 C:\xampp\htdocs\DemoProject\phpside\index.php(43): Furniture->save(Object(PDO))
#2 {main}
  thrown in C:\xampp\htdocs\DemoProject\phpside\Furniture.php on line 24
[03-Sep-2024 02:01:11 Europe/Berlin] PHP Fatal error:  Uncaught PDOException: SQLSTATE[23000]: Integrity constraint violation: 1062 Duplicate entry 'ok' for key 'items_information.PRIMARY' in C:\xampp\htdocs\DemoProject\phpside\Furniture.php:24
Stack trace:
#0 C:\xampp\htdocs\DemoProject\phpside\Furniture.php(24): PDOStatement->execute()
#1 C:\xampp\htdocs\DemoProject\phpside\index.php(43): Furniture->save(Object(PDO))
#2 {main}
  thrown in C:\xampp\htdocs\DemoProject\phpside\Furniture.php on line 24
[04-Sep-2024 03:19:52 Europe/Berlin] PHP Fatal error:  Cannot declare class Items, because the name is already in use in C:\xampp\htdocs\DemoProject\phpside\Items.php on line 3
[04-Sep-2024 03:23:04 Europe/Berlin] PHP Fatal error:  Cannot declare class Items, because the name is already in use in C:\xampp\htdocs\DemoProject\phpside\Items.php on line 3
[04-Sep-2024 03:23:31 Europe/Berlin] PHP Fatal error:  Cannot declare class Items, because the name is already in use in C:\xampp\htdocs\DemoProject\phpside\Items.php on line 3
[04-Sep-2024 03:25:43 Europe/Berlin] PHP Fatal error:  Cannot declare class Items, because the name is already in use in C:\xampp\htdocs\DemoProject\phpside\Items.php on line 3
[04-Sep-2024 03:25:43 Europe/Berlin] PHP Fatal error:  Cannot declare class Items, because the name is already in use in C:\xampp\htdocs\DemoProject\phpside\Items.php on line 3
[04-Sep-2024 03:26:12 Europe/Berlin] PHP Fatal error:  Cannot declare class Items, because the name is already in use in C:\xampp\htdocs\DemoProject\phpside\Items.php on line 3
[04-Sep-2024 03:26:12 Europe/Berlin] PHP Fatal error:  Cannot declare class Items, because the name is already in use in C:\xampp\htdocs\DemoProject\phpside\Items.php on line 3
[04-Sep-2024 03:26:54 Europe/Berlin] PHP Fatal error:  Cannot declare class Items, because the name is already in use in C:\xampp\htdocs\DemoProject\phpside\Items.php on line 3
[04-Sep-2024 03:26:54 Europe/Berlin] PHP Fatal error:  Cannot declare class Items, because the name is already in use in C:\xampp\htdocs\DemoProject\phpside\Items.php on line 3
[04-Sep-2024 03:26:59 Europe/Berlin] PHP Fatal error:  Cannot declare class Items, because the name is already in use in C:\xampp\htdocs\DemoProject\phpside\Items.php on line 3
[04-Sep-2024 03:26:59 Europe/Berlin] PHP Fatal error:  Cannot declare class Items, because the name is already in use in C:\xampp\htdocs\DemoProject\phpside\Items.php on line 3
[04-Sep-2024 03:27:05 Europe/Berlin] PHP Fatal error:  Cannot declare class Items, because the name is already in use in C:\xampp\htdocs\DemoProject\phpside\Items.php on line 3
[04-Sep-2024 03:27:05 Europe/Berlin] PHP Fatal error:  Cannot declare class Items, because the name is already in use in C:\xampp\htdocs\DemoProject\phpside\Items.php on line 3
[04-Sep-2024 03:29:11 Europe/Berlin] PHP Fatal error:  Cannot declare class Items, because the name is already in use in C:\xampp\htdocs\DemoProject\phpside\Items.php on line 3
[04-Sep-2024 03:29:11 Europe/Berlin] PHP Fatal error:  Cannot declare class Items, because the name is already in use in C:\xampp\htdocs\DemoProject\phpside\Items.php on line 3
[04-Sep-2024 03:46:18 Europe/Berlin] PHP Fatal error:  Cannot declare class Items, because the name is already in use in C:\xampp\htdocs\DemoProject\phpside\Items.php on line 3
[04-Sep-2024 03:46:18 Europe/Berlin] PHP Fatal error:  Cannot declare class Items, because the name is already in use in C:\xampp\htdocs\DemoProject\phpside\Items.php on line 3
[04-Sep-2024 03:57:08 Europe/Berlin] PHP Fatal error:  Cannot declare class Items, because the name is already in use in C:\xampp\htdocs\DemoProject\phpside\Items.php on line 3
[04-Sep-2024 03:57:08 Europe/Berlin] PHP Fatal error:  Cannot declare class Items, because the name is already in use in C:\xampp\htdocs\DemoProject\phpside\Items.php on line 3
[04-Sep-2024 06:17:08 Europe/Berlin] PHP Fatal error:  Uncaught PDOException: SQLSTATE[42S22]: Column not found: 1054 Unknown column 'B_123' in 'where clause' in C:\xampp\htdocs\DemoProject\phpside\index.php:71
Stack trace:
#0 C:\xampp\htdocs\DemoProject\phpside\index.php(71): PDOStatement->execute()
#1 {main}
  thrown in C:\xampp\htdocs\DemoProject\phpside\index.php on line 71
[04-Sep-2024 06:19:13 Europe/Berlin] PHP Fatal error:  Uncaught PDOException: SQLSTATE[42S22]: Column not found: 1054 Unknown column 'B_123' in 'where clause' in C:\xampp\htdocs\DemoProject\phpside\index.php:70
Stack trace:
#0 C:\xampp\htdocs\DemoProject\phpside\index.php(70): PDOStatement->execute()
#1 {main}
  thrown in C:\xampp\htdocs\DemoProject\phpside\index.php on line 70
[04-Sep-2024 06:19:33 Europe/Berlin] PHP Fatal error:  Uncaught PDOException: SQLSTATE[42000]: Syntax error or access violation: 1064 You have an error in your SQL syntax; check the manual that corresponds to your MySQL server version for the right syntax to use near '...checkedData, "B_123")' at line 1 in C:\xampp\htdocs\DemoProject\phpside\index.php:70
Stack trace:
#0 C:\xampp\htdocs\DemoProject\phpside\index.php(70): PDOStatement->execute()
#1 {main}
  thrown in C:\xampp\htdocs\DemoProject\phpside\index.php on line 70
[04-Sep-2024 06:24:24 Europe/Berlin] PHP Fatal error:  Uncaught PDOException: SQLSTATE[42S22]: Column not found: 1054 Unknown column 'B_123' in 'where clause' in C:\xampp\htdocs\DemoProject\phpside\index.php:70
Stack trace:
#0 C:\xampp\htdocs\DemoProject\phpside\index.php(70): PDOStatement->execute()
#1 {main}
  thrown in C:\xampp\htdocs\DemoProject\phpside\index.php on line 70
[04-Sep-2024 06:27:40 Europe/Berlin] PHP Fatal error:  Uncaught PDOException: SQLSTATE[42S22]: Column not found: 1054 Unknown column 'B_123' in 'where clause' in C:\xampp\htdocs\DemoProject\phpside\index.php:70
Stack trace:
#0 C:\xampp\htdocs\DemoProject\phpside\index.php(70): PDOStatement->execute()
#1 {main}
  thrown in C:\xampp\htdocs\DemoProject\phpside\index.php on line 70
[04-Sep-2024 06:27:42 Europe/Berlin] PHP Fatal error:  Uncaught PDOException: SQLSTATE[42S22]: Column not found: 1054 Unknown column 'B_123' in 'where clause' in C:\xampp\htdocs\DemoProject\phpside\index.php:70
Stack trace:
#0 C:\xampp\htdocs\DemoProject\phpside\index.php(70): PDOStatement->execute()
#1 {main}
  thrown in C:\xampp\htdocs\DemoProject\phpside\index.php on line 70
[04-Sep-2024 06:27:46 Europe/Berlin] PHP Fatal error:  Uncaught PDOException: SQLSTATE[42S22]: Column not found: 1054 Unknown column 'DVD_123' in 'where clause' in C:\xampp\htdocs\DemoProject\phpside\index.php:70
Stack trace:
#0 C:\xampp\htdocs\DemoProject\phpside\index.php(70): PDOStatement->execute()
#1 {main}
  thrown in C:\xampp\htdocs\DemoProject\phpside\index.php on line 70
[04-Sep-2024 06:27:48 Europe/Berlin] PHP Fatal error:  Uncaught PDOException: SQLSTATE[42S22]: Column not found: 1054 Unknown column 'DVD_123' in 'where clause' in C:\xampp\htdocs\DemoProject\phpside\index.php:70
Stack trace:
#0 C:\xampp\htdocs\DemoProject\phpside\index.php(70): PDOStatement->execute()
#1 {main}
  thrown in C:\xampp\htdocs\DemoProject\phpside\index.php on line 70
[04-Sep-2024 06:27:57 Europe/Berlin] PHP Fatal error:  Uncaught PDOException: SQLSTATE[42S22]: Column not found: 1054 Unknown column 'DVD_123' in 'where clause' in C:\xampp\htdocs\DemoProject\phpside\index.php:70
Stack trace:
#0 C:\xampp\htdocs\DemoProject\phpside\index.php(70): PDOStatement->execute()
#1 {main}
  thrown in C:\xampp\htdocs\DemoProject\phpside\index.php on line 70
[04-Sep-2024 06:29:42 Europe/Berlin] PHP Fatal error:  Uncaught PDOException: SQLSTATE[42000]: Syntax error or access violation: 1064 You have an error in your SQL syntax; check the manual that corresponds to your MySQL server version for the right syntax to use near ')' at line 1 in C:\xampp\htdocs\DemoProject\phpside\index.php:70
Stack trace:
#0 C:\xampp\htdocs\DemoProject\phpside\index.php(70): PDOStatement->execute()
#1 {main}
  thrown in C:\xampp\htdocs\DemoProject\phpside\index.php on line 70
[04-Sep-2024 06:34:14 Europe/Berlin] PHP Fatal error:  Uncaught PDOException: SQLSTATE[42S22]: Column not found: 1054 Unknown column 'BD4' in 'where clause' in C:\xampp\htdocs\DemoProject\phpside\index.php:70
Stack trace:
#0 C:\xampp\htdocs\DemoProject\phpside\index.php(70): PDOStatement->execute()
#1 {main}
  thrown in C:\xampp\htdocs\DemoProject\phpside\index.php on line 70
[04-Sep-2024 06:34:30 Europe/Berlin] PHP Fatal error:  Uncaught PDOException: SQLSTATE[42000]: Syntax error or access violation: 1064 You have an error in your SQL syntax; check the manual that corresponds to your MySQL server version for the right syntax to use near ')' at line 1 in C:\xampp\htdocs\DemoProject\phpside\index.php:70
Stack trace:
#0 C:\xampp\htdocs\DemoProject\phpside\index.php(70): PDOStatement->execute()
#1 {main}
  thrown in C:\xampp\htdocs\DemoProject\phpside\index.php on line 70
[04-Sep-2024 06:34:41 Europe/Berlin] PHP Fatal error:  Uncaught PDOException: SQLSTATE[42000]: Syntax error or access violation: 1064 You have an error in your SQL syntax; check the manual that corresponds to your MySQL server version for the right syntax to use near ')' at line 1 in C:\xampp\htdocs\DemoProject\phpside\index.php:70
Stack trace:
#0 C:\xampp\htdocs\DemoProject\phpside\index.php(70): PDOStatement->execute()
#1 {main}
  thrown in C:\xampp\htdocs\DemoProject\phpside\index.php on line 70
[04-Sep-2024 06:34:51 Europe/Berlin] PHP Fatal error:  Uncaught PDOException: SQLSTATE[42S22]: Column not found: 1054 Unknown column 'BD4' in 'where clause' in C:\xampp\htdocs\DemoProject\phpside\index.php:70
Stack trace:
#0 C:\xampp\htdocs\DemoProject\phpside\index.php(70): PDOStatement->execute()
#1 {main}
  thrown in C:\xampp\htdocs\DemoProject\phpside\index.php on line 70
[04-Sep-2024 06:34:56 Europe/Berlin] PHP Fatal error:  Uncaught PDOException: SQLSTATE[42S22]: Column not found: 1054 Unknown column 'BD4' in 'where clause' in C:\xampp\htdocs\DemoProject\phpside\index.php:70
Stack trace:
#0 C:\xampp\htdocs\DemoProject\phpside\index.php(70): PDOStatement->execute()
#1 {main}
  thrown in C:\xampp\htdocs\DemoProject\phpside\index.php on line 70
[04-Sep-2024 06:37:39 Europe/Berlin] PHP Fatal error:  Uncaught PDOException: SQLSTATE[42S22]: Column not found: 1054 Unknown column 'DVD1' in 'where clause' in C:\xampp\htdocs\DemoProject\phpside\index.php:70
Stack trace:
#0 C:\xampp\htdocs\DemoProject\phpside\index.php(70): PDOStatement->execute()
#1 {main}
  thrown in C:\xampp\htdocs\DemoProject\phpside\index.php on line 70
[04-Sep-2024 06:38:59 Europe/Berlin] PHP Fatal error:  Uncaught PDOException: SQLSTATE[42S22]: Column not found: 1054 Unknown column 'DVD1' in 'where clause' in C:\xampp\htdocs\DemoProject\phpside\index.php:70
Stack trace:
#0 C:\xampp\htdocs\DemoProject\phpside\index.php(70): PDOStatement->execute()
#1 {main}
  thrown in C:\xampp\htdocs\DemoProject\phpside\index.php on line 70
[04-Sep-2024 06:39:09 Europe/Berlin] PHP Fatal error:  Uncaught PDOException: SQLSTATE[42S22]: Column not found: 1054 Unknown column 'DVD1' in 'where clause' in C:\xampp\htdocs\DemoProject\phpside\index.php:70
Stack trace:
#0 C:\xampp\htdocs\DemoProject\phpside\index.php(70): PDOStatement->execute()
#1 {main}
  thrown in C:\xampp\htdocs\DemoProject\phpside\index.php on line 70
